<?xml version="1.0" encoding="UTF-8"?>
<!-- Generated by org.testng.reporters.JUnitXMLReporter -->
<testsuite ignored="0" hostname="DESKTOP-JEMCUNI" failures="1" tests="7" name="Test" time="107.635" errors="0" timestamp="2022-05-29T16:01:37 IST">
  <testcase classname="com.SauceDemo.TestClasses.TC07Filter" name="method" time="0.382">
    <failure type="java.lang.UnsupportedOperationException" message="You may only deselect options of a multi-select">
      <![CDATA[java.lang.UnsupportedOperationException: You may only deselect options of a multi-select
at org.openqa.selenium.support.ui.Select.deselectByVisibleText(Select.java:264)
at com.sauce.pom.homePage.dropdown1(homePage.java:98)
at com.SauceDemo.TestClasses.TC07Filter.method(TC07Filter.java:18)
at java.base/java.util.ArrayList.forEach(ArrayList.java:1511)
... Removed 27 stack frames]]>
    </failure>
  </testcase> <!-- method -->
  <testcase classname="com.SauceDemo.TestClasses.TC01LoginFunctionality" name="method" time="0.03"/>
  <testcase classname="com.SauceDemo.TestClasses.TC04MultipleProductSelection" name="method" time="2.621"/>
  <testcase classname="com.SauceDemo.TestClasses.TC03SingleProductSelectFunctionality" name="method" time="2.293"/>
  <testcase classname="com.SauceDemo.TestClasses.TC02LogOut" name="method" time="0.028"/>
  <testcase classname="com.SauceDemo.TestClasses.TC05CheckBuyProduct" name="method" time="3.878"/>
  <testcase classname="com.SauceDemo.TestClasses.TC06Checkout" name="method" time="2.497"/>
</testsuite> <!-- Test -->
