<?xml version="1.0" encoding="UTF-8"?>
<testng-results ignored="0" total="7" passed="6" failed="1" skipped="0">
  <reporter-output>
  </reporter-output>
  <suite started-at="2022-05-29T15:59:49 IST" name="Suite" finished-at="2022-05-29T16:01:37 IST" duration-ms="107635">
    <groups>
    </groups>
    <test started-at="2022-05-29T15:59:49 IST" name="Test" finished-at="2022-05-29T16:01:37 IST" duration-ms="107635">
      <class name="com.SauceDemo.TestClasses.TC01LoginFunctionality">
        <test-method is-config="true" signature="setUp()[pri:0, instance:com.SauceDemo.TestClasses.TC01LoginFunctionality@14555e0a]" started-at="2022-05-29T16:00:05 IST" name="setUp" finished-at="2022-05-29T16:00:16 IST" duration-ms="10531" status="PASS">
          <reporter-output>
          </reporter-output>
        </test-method> <!-- setUp -->
        <test-method signature="method()[pri:0, instance:com.SauceDemo.TestClasses.TC01LoginFunctionality@14555e0a]" started-at="2022-05-29T16:00:16 IST" name="method" finished-at="2022-05-29T16:00:16 IST" duration-ms="30" status="PASS">
          <reporter-output>
          </reporter-output>
        </test-method> <!-- method -->
        <test-method is-config="true" signature="tearDown()[pri:0, instance:com.SauceDemo.TestClasses.TC01LoginFunctionality@14555e0a]" started-at="2022-05-29T16:00:16 IST" name="tearDown" finished-at="2022-05-29T16:00:17 IST" duration-ms="1520" status="PASS">
          <reporter-output>
          </reporter-output>
        </test-method> <!-- tearDown -->
        <test-method is-config="true" signature="browserClose()[pri:0, instance:com.SauceDemo.TestClasses.TC01LoginFunctionality@14555e0a]" started-at="2022-05-29T16:00:17 IST" name="browserClose" finished-at="2022-05-29T16:00:18 IST" duration-ms="338" status="PASS">
          <reporter-output>
          </reporter-output>
        </test-method> <!-- browserClose -->
      </class> <!-- com.SauceDemo.TestClasses.TC01LoginFunctionality -->
      <class name="com.SauceDemo.TestClasses.TC03SingleProductSelectFunctionality">
        <test-method is-config="true" signature="setUp()[pri:0, instance:com.SauceDemo.TestClasses.TC03SingleProductSelectFunctionality@3c73951]" started-at="2022-05-29T16:00:33 IST" name="setUp" finished-at="2022-05-29T16:00:45 IST" duration-ms="11670" status="PASS">
          <reporter-output>
          </reporter-output>
        </test-method> <!-- setUp -->
        <test-method signature="method()[pri:0, instance:com.SauceDemo.TestClasses.TC03SingleProductSelectFunctionality@3c73951]" started-at="2022-05-29T16:00:45 IST" name="method" finished-at="2022-05-29T16:00:47 IST" duration-ms="2293" status="PASS">
          <reporter-output>
          </reporter-output>
        </test-method> <!-- method -->
        <test-method is-config="true" signature="tearDown()[pri:0, instance:com.SauceDemo.TestClasses.TC03SingleProductSelectFunctionality@3c73951]" started-at="2022-05-29T16:00:47 IST" name="tearDown" finished-at="2022-05-29T16:00:49 IST" duration-ms="1272" status="PASS">
          <reporter-output>
          </reporter-output>
        </test-method> <!-- tearDown -->
        <test-method is-config="true" signature="browserClose()[pri:0, instance:com.SauceDemo.TestClasses.TC03SingleProductSelectFunctionality@3c73951]" started-at="2022-05-29T16:00:49 IST" name="browserClose" finished-at="2022-05-29T16:00:49 IST" duration-ms="330" status="PASS">
          <reporter-output>
          </reporter-output>
        </test-method> <!-- browserClose -->
      </class> <!-- com.SauceDemo.TestClasses.TC03SingleProductSelectFunctionality -->
      <class name="com.SauceDemo.TestClasses.TC04MultipleProductSelection">
        <test-method is-config="true" signature="setUp()[pri:0, instance:com.SauceDemo.TestClasses.TC04MultipleProductSelection@759d26fb]" started-at="2022-05-29T16:00:18 IST" name="setUp" finished-at="2022-05-29T16:00:29 IST" duration-ms="11327" status="PASS">
          <reporter-output>
          </reporter-output>
        </test-method> <!-- setUp -->
        <test-method signature="method()[pri:0, instance:com.SauceDemo.TestClasses.TC04MultipleProductSelection@759d26fb]" started-at="2022-05-29T16:00:29 IST" name="method" finished-at="2022-05-29T16:00:32 IST" duration-ms="2621" status="PASS">
          <reporter-output>
          </reporter-output>
        </test-method> <!-- method -->
        <test-method is-config="true" signature="tearDown()[pri:0, instance:com.SauceDemo.TestClasses.TC04MultipleProductSelection@759d26fb]" started-at="2022-05-29T16:00:32 IST" name="tearDown" finished-at="2022-05-29T16:00:33 IST" duration-ms="1230" status="PASS">
          <reporter-output>
          </reporter-output>
        </test-method> <!-- tearDown -->
        <test-method is-config="true" signature="browserClose()[pri:0, instance:com.SauceDemo.TestClasses.TC04MultipleProductSelection@759d26fb]" started-at="2022-05-29T16:00:33 IST" name="browserClose" finished-at="2022-05-29T16:00:33 IST" duration-ms="366" status="PASS">
          <reporter-output>
          </reporter-output>
        </test-method> <!-- browserClose -->
      </class> <!-- com.SauceDemo.TestClasses.TC04MultipleProductSelection -->
      <class name="com.SauceDemo.TestClasses.TC02LogOut">
        <test-method is-config="true" signature="setUp()[pri:0, instance:com.SauceDemo.TestClasses.TC02LogOut@3d5c822d]" started-at="2022-05-29T16:00:49 IST" name="setUp" finished-at="2022-05-29T16:01:02 IST" duration-ms="12888" status="PASS">
          <reporter-output>
          </reporter-output>
        </test-method> <!-- setUp -->
        <test-method signature="method()[pri:0, instance:com.SauceDemo.TestClasses.TC02LogOut@3d5c822d]" started-at="2022-05-29T16:01:02 IST" name="method" finished-at="2022-05-29T16:01:02 IST" duration-ms="28" status="PASS">
          <reporter-output>
          </reporter-output>
        </test-method> <!-- method -->
        <test-method is-config="true" signature="tearDown()[pri:0, instance:com.SauceDemo.TestClasses.TC02LogOut@3d5c822d]" started-at="2022-05-29T16:01:02 IST" name="tearDown" finished-at="2022-05-29T16:01:03 IST" duration-ms="1431" status="PASS">
          <reporter-output>
          </reporter-output>
        </test-method> <!-- tearDown -->
        <test-method is-config="true" signature="browserClose()[pri:0, instance:com.SauceDemo.TestClasses.TC02LogOut@3d5c822d]" started-at="2022-05-29T16:01:03 IST" name="browserClose" finished-at="2022-05-29T16:01:04 IST" duration-ms="343" status="PASS">
          <reporter-output>
          </reporter-output>
        </test-method> <!-- browserClose -->
      </class> <!-- com.SauceDemo.TestClasses.TC02LogOut -->
      <class name="com.SauceDemo.TestClasses.TC07Filter">
        <test-method is-config="true" signature="setUp()[pri:0, instance:com.SauceDemo.TestClasses.TC07Filter@2bfc268b]" started-at="2022-05-29T15:59:49 IST" name="setUp" finished-at="2022-05-29T16:00:01 IST" duration-ms="12052" status="PASS">
          <reporter-output>
          </reporter-output>
        </test-method> <!-- setUp -->
        <test-method signature="method()[pri:0, instance:com.SauceDemo.TestClasses.TC07Filter@2bfc268b]" started-at="2022-05-29T16:00:01 IST" name="method" finished-at="2022-05-29T16:00:02 IST" duration-ms="382" status="FAIL">
          <exception class="java.lang.UnsupportedOperationException">
            <message>
              <![CDATA[You may only deselect options of a multi-select]]>
            </message>
            <full-stacktrace>
              <![CDATA[java.lang.UnsupportedOperationException: You may only deselect options of a multi-select
at org.openqa.selenium.support.ui.Select.deselectByVisibleText(Select.java:264)
at com.sauce.pom.homePage.dropdown1(homePage.java:98)
at com.SauceDemo.TestClasses.TC07Filter.method(TC07Filter.java:18)
at java.base/jdk.internal.reflect.NativeMethodAccessorImpl.invoke0(Native Method)
at java.base/jdk.internal.reflect.NativeMethodAccessorImpl.invoke(NativeMethodAccessorImpl.java:77)
at java.base/jdk.internal.reflect.DelegatingMethodAccessorImpl.invoke(DelegatingMethodAccessorImpl.java:43)
at java.base/java.lang.reflect.Method.invoke(Method.java:568)
at org.testng.internal.MethodInvocationHelper.invokeMethod(MethodInvocationHelper.java:133)
at org.testng.internal.TestInvoker.invokeMethod(TestInvoker.java:598)
at org.testng.internal.TestInvoker.invokeTestMethod(TestInvoker.java:173)
at org.testng.internal.MethodRunner.runInSequence(MethodRunner.java:46)
at org.testng.internal.TestInvoker$MethodInvocationAgent.invoke(TestInvoker.java:824)
at org.testng.internal.TestInvoker.invokeTestMethods(TestInvoker.java:146)
at org.testng.internal.TestMethodWorker.invokeTestMethods(TestMethodWorker.java:146)
at org.testng.internal.TestMethodWorker.run(TestMethodWorker.java:128)
at java.base/java.util.ArrayList.forEach(ArrayList.java:1511)
at org.testng.TestRunner.privateRun(TestRunner.java:794)
at org.testng.TestRunner.run(TestRunner.java:596)
at org.testng.SuiteRunner.runTest(SuiteRunner.java:377)
at org.testng.SuiteRunner.runSequentially(SuiteRunner.java:371)
at org.testng.SuiteRunner.privateRun(SuiteRunner.java:332)
at org.testng.SuiteRunner.run(SuiteRunner.java:276)
at org.testng.SuiteRunnerWorker.runSuite(SuiteRunnerWorker.java:53)
at org.testng.SuiteRunnerWorker.run(SuiteRunnerWorker.java:96)
at org.testng.TestNG.runSuitesSequentially(TestNG.java:1212)
at org.testng.TestNG.runSuitesLocally(TestNG.java:1134)
at org.testng.TestNG.runSuites(TestNG.java:1063)
at org.testng.TestNG.run(TestNG.java:1031)
at org.testng.remote.AbstractRemoteTestNG.run(AbstractRemoteTestNG.java:115)
at org.testng.remote.RemoteTestNG.initAndRun(RemoteTestNG.java:251)
at org.testng.remote.RemoteTestNG.main(RemoteTestNG.java:77)
]]>
            </full-stacktrace>
          </exception> <!-- java.lang.UnsupportedOperationException -->
          <reporter-output>
          </reporter-output>
        </test-method> <!-- method -->
        <test-method is-config="true" signature="tearDown()[pri:0, instance:com.SauceDemo.TestClasses.TC07Filter@2bfc268b]" started-at="2022-05-29T16:00:02 IST" name="tearDown" finished-at="2022-05-29T16:00:04 IST" duration-ms="2196" status="PASS">
          <reporter-output>
          </reporter-output>
        </test-method> <!-- tearDown -->
        <test-method is-config="true" signature="browserClose()[pri:0, instance:com.SauceDemo.TestClasses.TC07Filter@2bfc268b]" started-at="2022-05-29T16:00:04 IST" name="browserClose" finished-at="2022-05-29T16:00:05 IST" duration-ms="1439" status="PASS">
          <reporter-output>
          </reporter-output>
        </test-method> <!-- browserClose -->
      </class> <!-- com.SauceDemo.TestClasses.TC07Filter -->
      <class name="com.SauceDemo.TestClasses.TC05CheckBuyProduct">
        <test-method is-config="true" signature="setUp()[pri:0, instance:com.SauceDemo.TestClasses.TC05CheckBuyProduct@6f46426d]" started-at="2022-05-29T16:01:04 IST" name="setUp" finished-at="2022-05-29T16:01:14 IST" duration-ms="10026" status="PASS">
          <reporter-output>
          </reporter-output>
        </test-method> <!-- setUp -->
        <test-method signature="method()[pri:0, instance:com.SauceDemo.TestClasses.TC05CheckBuyProduct@6f46426d]" started-at="2022-05-29T16:01:14 IST" name="method" finished-at="2022-05-29T16:01:17 IST" duration-ms="3878" status="PASS">
          <reporter-output>
          </reporter-output>
        </test-method> <!-- method -->
        <test-method is-config="true" signature="tearDown()[pri:0, instance:com.SauceDemo.TestClasses.TC05CheckBuyProduct@6f46426d]" started-at="2022-05-29T16:01:17 IST" name="tearDown" finished-at="2022-05-29T16:01:19 IST" duration-ms="1970" status="PASS">
          <reporter-output>
          </reporter-output>
        </test-method> <!-- tearDown -->
        <test-method is-config="true" signature="browserClose()[pri:0, instance:com.SauceDemo.TestClasses.TC05CheckBuyProduct@6f46426d]" started-at="2022-05-29T16:01:19 IST" name="browserClose" finished-at="2022-05-29T16:01:20 IST" duration-ms="811" status="PASS">
          <reporter-output>
          </reporter-output>
        </test-method> <!-- browserClose -->
      </class> <!-- com.SauceDemo.TestClasses.TC05CheckBuyProduct -->
      <class name="com.SauceDemo.TestClasses.TC06Checkout">
        <test-method is-config="true" signature="setUp()[pri:0, instance:com.SauceDemo.TestClasses.TC06Checkout@73700b80]" started-at="2022-05-29T16:01:20 IST" name="setUp" finished-at="2022-05-29T16:01:33 IST" duration-ms="12395" status="PASS">
          <reporter-output>
          </reporter-output>
        </test-method> <!-- setUp -->
        <test-method signature="method()[pri:0, instance:com.SauceDemo.TestClasses.TC06Checkout@73700b80]" started-at="2022-05-29T16:01:33 IST" name="method" finished-at="2022-05-29T16:01:35 IST" duration-ms="2497" status="PASS">
          <reporter-output>
          </reporter-output>
        </test-method> <!-- method -->
        <test-method is-config="true" signature="tearDown()[pri:0, instance:com.SauceDemo.TestClasses.TC06Checkout@73700b80]" started-at="2022-05-29T16:01:35 IST" name="tearDown" finished-at="2022-05-29T16:01:36 IST" duration-ms="1290" status="PASS">
          <reporter-output>
          </reporter-output>
        </test-method> <!-- tearDown -->
        <test-method is-config="true" signature="browserClose()[pri:0, instance:com.SauceDemo.TestClasses.TC06Checkout@73700b80]" started-at="2022-05-29T16:01:36 IST" name="browserClose" finished-at="2022-05-29T16:01:37 IST" duration-ms="337" status="PASS">
          <reporter-output>
          </reporter-output>
        </test-method> <!-- browserClose -->
      </class> <!-- com.SauceDemo.TestClasses.TC06Checkout -->
    </test> <!-- Test -->
  </suite> <!-- Suite -->
</testng-results>
